<?xml version="1.0" encoding="UTF-8"?>
<!-- Generated by org.testng.reporters.JUnitReportReporter -->
<testsuite hostname="BISWAJIT2000" failures="0" tests="1" name="test.one" time="7.067" errors="0" timestamp="2023-05-19T00:42:38 IST" skipped="0">
  <testcase classname="test.one" name="testOne" time="7.067"/>
  <system-out/>
</testsuite> <!-- test.one -->
